Job started on c301-002.ls6.tacc.utexas.edu at Wed Jan  7 18:00:08 CST 2026
Using python: /scratch/10823/atanugiri2025/miniconda3/envs/dlcfix/bin/python
GPU status before task:
0, 0, 40960, 0
1, 0, 40960, 0
2, 0, 40960, 0
0, 0, 40960, 0
1, 0, 40960, 0
2, 0, 40960, 0
0, 5977, 40960, 0
1, 4, 40960, 0
2, 4, 40960, 0
Loading DLC 3.0.0rc13...
DLC loaded in light mode; you cannot use any GUI (labeling, relabeling and standalone GUI)
Found 2 videos
Starting train: Wed Jan  7 18:09:50 2026
=== NVIDIA SMI: before train ===
=== NVIDIA SMI: after train ===
Completed train: Wed Jan  7 18:20:01 2026
GPU status after task:
0, 0, 40960, 6
1, 0, 40960, 0
2, 0, 40960, 0
Job completed at Wed Jan  7 18:20:15 CST 2026
